# JRE version: OpenJDK Runtime Environment Temurin-21.0.8+9 (21.0.8+9) (build 21.0.8+9-LTS)
# Java VM: OpenJDK 64-Bit Server VM Temurin-21.0.8+9 (21.0.8+9-LTS, mixed mode, sharing, tiered, compressed oops, compressed class ptrs, parallel gc, windows-amd64)
GC Precious Log:
 CardTable entry size: 512
 CPUs: 8 total, 8 available
 Memory: 16190M
 Large Page Support: Disabled
 NUMA Support: Disabled
 Compressed Oops: Enabled (32-bit)
 Alignments: Space 512K, Generation 512K, Heap 2M
 Heap Min Capacity: 100M
 Heap Initial Capacity: 100M
 Heap Max Capacity: 2G
 Pre-touch: Disabled
 Parallel Workers: 8
Heap:
 PSYoungGen      total 6144K, used 1221K [0x00000000d5580000, 0x00000000d5e00000, 0x0000000100000000)
  eden space 5632K, 13% used [0x00000000d5580000,0x00000000d56414f8,0x00000000d5b00000)
  from space 512K, 87% used [0x00000000d5d80000,0x00000000d5df0000,0x00000000d5e00000)
  to   space 1024K, 0% used [0x00000000d5c00000,0x00000000d5c00000,0x00000000d5d00000)
 ParOldGen       total 1085952K, used 1085765K [0x0000000080000000, 0x00000000c2480000, 0x00000000d5580000)
  object space 1085952K, 99% used [0x0000000080000000,0x00000000c2451720,0x00000000c2480000)
 Metaspace       used 79499K, committed 81152K, reserved 1179648K
  class space    used 8120K, committed 8832K, reserved 1048576K
GC Heap History (20 events):
Event: 202.640 GC heap before
{Heap before GC invocations=2535 (full 4):
 PSYoungGen      total 6144K, used 5824K [0x00000000d5580000, 0x00000000d5e00000, 0x0000000100000000)
  eden space 5632K, 100% used [0x00000000d5580000,0x00000000d5b00000,0x00000000d5b00000)
  from space 512K, 37% used [0x00000000d5d80000,0x00000000d5db0000,0x00000000d5e00000)
  to   space 512K, 0% used [0x00000000d5d00000,0x00000000d5d00000,0x00000000d5d80000)
 ParOldGen       total 1081344K, used 1081168K [0x0000000080000000, 0x00000000c2000000, 0x00000000d5580000)
  object space 1081344K, 99% used [0x0000000080000000,0x00000000c1fd41e0,0x00000000c2000000)
 Metaspace       used 79404K, committed 81088K, reserved 1179648K
  class space    used 8112K, committed 8832K, reserved 1048576K
}
Event: 202.645 GC heap after
{Heap after GC invocations=2535 (full 4):
 PSYoungGen      total 6144K, used 224K [0x00000000d5580000, 0x00000000d5e00000, 0x0000000100000000)
  eden space 5632K, 0% used [0x00000000d5580000,0x00000000d5580000,0x00000000d5b00000)
  from space 512K, 43% used [0x00000000d5d00000,0x00000000d5d38000,0x00000000d5d80000)
  to   space 512K, 0% used [0x00000000d5d80000,0x00000000d5d80000,0x00000000d5e00000)
 ParOldGen       total 1081344K, used 1081232K [0x0000000080000000, 0x00000000c2000000, 0x00000000d5580000)
  object space 1081344K, 99% used [0x0000000080000000,0x00000000c1fe41e0,0x00000000c2000000)
 Metaspace       used 79404K, committed 81088K, reserved 1179648K
  class space    used 8112K, committed 8832K, reserved 1048576K
}
Event: 202.666 GC heap before
{Heap before GC invocations=2536 (full 4):
 PSYoungGen      total 6144K, used 5227K [0x00000000d5580000, 0x00000000d5e00000, 0x0000000100000000)
  eden space 5632K, 88% used [0x00000000d5580000,0x00000000d5a62ed0,0x00000000d5b00000)
  from space 512K, 43% used [0x00000000d5d00000,0x00000000d5d38000,0x00000000d5d80000)
  to   space 512K, 0% used [0x00000000d5d80000,0x00000000d5d80000,0x00000000d5e00000)
 ParOldGen       total 1081344K, used 1081232K [0x0000000080000000, 0x00000000c2000000, 0x00000000d5580000)
  object space 1081344K, 99% used [0x0000000080000000,0x00000000c1fe41e0,0x00000000c2000000)
 Metaspace       used 79411K, committed 81088K, reserved 1179648K
  class space    used 8112K, committed 8832K, reserved 1048576K
}
Event: 202.671 GC heap after
{Heap after GC invocations=2536 (full 4):
 PSYoungGen      total 6144K, used 512K [0x00000000d5580000, 0x00000000d5e00000, 0x0000000100000000)
  eden space 5632K, 0% used [0x00000000d5580000,0x00000000d5580000,0x00000000d5b00000)
  from space 512K, 100% used [0x00000000d5d80000,0x00000000d5e00000,0x00000000d5e00000)
  to   space 1024K, 0% used [0x00000000d5c00000,0x00000000d5c00000,0x00000000d5d00000)
 ParOldGen       total 1081344K, used 1081288K [0x0000000080000000, 0x00000000c2000000, 0x00000000d5580000)
  object space 1081344K, 99% used [0x0000000080000000,0x00000000c1ff21e0,0x00000000c2000000)
 Metaspace       used 79411K, committed 81088K, reserved 1179648K
  class space    used 8112K, committed 8832K, reserved 1048576K
}
Event: 202.699 GC heap before
{Heap before GC invocations=2537 (full 4):
 PSYoungGen      total 6144K, used 6144K [0x00000000d5580000, 0x00000000d5e00000, 0x0000000100000000)
  eden space 5632K, 100% used [0x00000000d5580000,0x00000000d5b00000,0x00000000d5b00000)
  from space 512K, 100% used [0x00000000d5d80000,0x00000000d5e00000,0x00000000d5e00000)
  to   space 1024K, 0% used [0x00000000d5c00000,0x00000000d5c00000,0x00000000d5d00000)
 ParOldGen       total 1081344K, used 1081288K [0x0000000080000000, 0x00000000c2000000, 0x00000000d5580000)
  object space 1081344K, 99% used [0x0000000080000000,0x00000000c1ff21e0,0x00000000c2000000)
 Metaspace       used 79412K, committed 81088K, reserved 1179648K
  class space    used 8112K, committed 8832K, reserved 1048576K
}
Event: 202.704 GC heap after
{Heap after GC invocations=2537 (full 4):
 PSYoungGen      total 6656K, used 128K [0x00000000d5580000, 0x00000000d5e00000, 0x0000000100000000)
  eden space 5632K, 0% used [0x00000000d5580000,0x00000000d5580000,0x00000000d5b00000)
  from space 1024K, 12% used [0x00000000d5c00000,0x00000000d5c20000,0x00000000d5d00000)
  to   space 512K, 0% used [0x00000000d5d80000,0x00000000d5d80000,0x00000000d5e00000)
 ParOldGen       total 1081856K, used 1081680K [0x0000000080000000, 0x00000000c2080000, 0x00000000d5580000)
  object space 1081856K, 99% used [0x0000000080000000,0x00000000c20541e0,0x00000000c2080000)
 Metaspace       used 79412K, committed 81088K, reserved 1179648K
  class space    used 8112K, committed 8832K, reserved 1048576K
}
Event: 202.732 GC heap before
{Heap before GC invocations=2538 (full 4):
 PSYoungGen      total 6656K, used 5760K [0x00000000d5580000, 0x00000000d5e00000, 0x0000000100000000)
  eden space 5632K, 100% used [0x00000000d5580000,0x00000000d5b00000,0x00000000d5b00000)
  from space 1024K, 12% used [0x00000000d5c00000,0x00000000d5c20000,0x00000000d5d00000)
  to   space 512K, 0% used [0x00000000d5d80000,0x00000000d5d80000,0x00000000d5e00000)
 ParOldGen       total 1081856K, used 1081680K [0x0000000080000000, 0x00000000c2080000, 0x00000000d5580000)
  object space 1081856K, 99% used [0x0000000080000000,0x00000000c20541e0,0x00000000c2080000)
 Metaspace       used 79412K, committed 81088K, reserved 1179648K
  class space    used 8112K, committed 8832K, reserved 1048576K
}
Event: 202.735 GC heap after
{Heap after GC invocations=2538 (full 4):
 PSYoungGen      total 6144K, used 288K [0x00000000d5580000, 0x00000000d5e00000, 0x0000000100000000)
  eden space 5632K, 0% used [0x00000000d5580000,0x00000000d5580000,0x00000000d5b00000)
  from space 512K, 56% used [0x00000000d5d80000,0x00000000d5dc8000,0x00000000d5e00000)
  to   space 512K, 0% used [0x00000000d5d00000,0x00000000d5d00000,0x00000000d5d80000)
 ParOldGen       total 1081856K, used 1081720K [0x0000000080000000, 0x00000000c2080000, 0x00000000d5580000)
  object space 1081856K, 99% used [0x0000000080000000,0x00000000c205e1e0,0x00000000c2080000)
 Metaspace       used 79412K, committed 81088K, reserved 1179648K
  class space    used 8112K, committed 8832K, reserved 1048576K
}
Event: 202.752 GC heap before
{Heap before GC invocations=2539 (full 4):
 PSYoungGen      total 6144K, used 5920K [0x00000000d5580000, 0x00000000d5e00000, 0x0000000100000000)
  eden space 5632K, 100% used [0x00000000d5580000,0x00000000d5b00000,0x00000000d5b00000)
  from space 512K, 56% used [0x00000000d5d80000,0x00000000d5dc8000,0x00000000d5e00000)
  to   space 512K, 0% used [0x00000000d5d00000,0x00000000d5d00000,0x00000000d5d80000)
 ParOldGen       total 1081856K, used 1081720K [0x0000000080000000, 0x00000000c2080000, 0x00000000d5580000)
  object space 1081856K, 99% used [0x0000000080000000,0x00000000c205e1e0,0x00000000c2080000)
 Metaspace       used 79412K, committed 81088K, reserved 1179648K
  class space    used 8112K, committed 8832K, reserved 1048576K
}
Event: 202.757 GC heap after
{Heap after GC invocations=2539 (full 4):
 PSYoungGen      total 6144K, used 416K [0x00000000d5580000, 0x00000000d5e00000, 0x0000000100000000)
  eden space 5632K, 0% used [0x00000000d5580000,0x00000000d5580000,0x00000000d5b00000)
  from space 512K, 81% used [0x00000000d5d00000,0x00000000d5d68000,0x00000000d5d80000)
  to   space 512K, 0% used [0x00000000d5d80000,0x00000000d5d80000,0x00000000d5e00000)
 ParOldGen       total 1081856K, used 1081776K [0x0000000080000000, 0x00000000c2080000, 0x00000000d5580000)
  object space 1081856K, 99% used [0x0000000080000000,0x00000000c206c1e0,0x00000000c2080000)
 Metaspace       used 79412K, committed 81088K, reserved 1179648K
  class space    used 8112K, committed 8832K, reserved 1048576K
}
Event: 202.811 GC heap before
{Heap before GC invocations=2540 (full 4):
 PSYoungGen      total 6144K, used 5927K [0x00000000d5580000, 0x00000000d5e00000, 0x0000000100000000)
  eden space 5632K, 97% used [0x00000000d5580000,0x00000000d5ae1f08,0x00000000d5b00000)
  from space 512K, 81% used [0x00000000d5d00000,0x00000000d5d68000,0x00000000d5d80000)
  to   space 512K, 0% used [0x00000000d5d80000,0x00000000d5d80000,0x00000000d5e00000)
 ParOldGen       total 1081856K, used 1081776K [0x0000000080000000, 0x00000000c2080000, 0x00000000d5580000)
  object space 1081856K, 99% used [0x0000000080000000,0x00000000c206c1e0,0x00000000c2080000)
 Metaspace       used 79414K, committed 81088K, reserved 1179648K
  class space    used 8112K, committed 8832K, reserved 1048576K
}
Event: 202.820 GC heap after
{Heap after GC invocations=2540 (full 4):
 PSYoungGen      total 6144K, used 256K [0x00000000d5580000, 0x00000000d5e00000, 0x0000000100000000)
  eden space 5632K, 0% used [0x00000000d5580000,0x00000000d5580000,0x00000000d5b00000)
  from space 512K, 50% used [0x00000000d5d80000,0x00000000d5dc0000,0x00000000d5e00000)
  to   space 512K, 0% used [0x00000000d5d00000,0x00000000d5d00000,0x00000000d5d80000)
 ParOldGen       total 1084928K, used 1084793K [0x0000000080000000, 0x00000000c2380000, 0x00000000d5580000)
  object space 1084928K, 99% used [0x0000000080000000,0x00000000c235e710,0x00000000c2380000)
 Metaspace       used 79414K, committed 81088K, reserved 1179648K
  class space    used 8112K, committed 8832K, reserved 1048576K
}
Event: 202.840 GC heap before
{Heap before GC invocations=2541 (full 4):
 PSYoungGen      total 6144K, used 4858K [0x00000000d5580000, 0x00000000d5e00000, 0x0000000100000000)
  eden space 5632K, 81% used [0x00000000d5580000,0x00000000d59feaa8,0x00000000d5b00000)
  from space 512K, 50% used [0x00000000d5d80000,0x00000000d5dc0000,0x00000000d5e00000)
  to   space 512K, 0% used [0x00000000d5d00000,0x00000000d5d00000,0x00000000d5d80000)
 ParOldGen       total 1084928K, used 1084793K [0x0000000080000000, 0x00000000c2380000, 0x00000000d5580000)
  object space 1084928K, 99% used [0x0000000080000000,0x00000000c235e710,0x00000000c2380000)
 Metaspace       used 79414K, committed 81088K, reserved 1179648K
  class space    used 8112K, committed 8832K, reserved 1048576K
}
Event: 202.845 GC heap after
{Heap after GC invocations=2541 (full 4):
 PSYoungGen      total 6144K, used 160K [0x00000000d5580000, 0x00000000d5e00000, 0x0000000100000000)
  eden space 5632K, 0% used [0x00000000d5580000,0x00000000d5580000,0x00000000d5b00000)
  from space 512K, 31% used [0x00000000d5d00000,0x00000000d5d28000,0x00000000d5d80000)
  to   space 512K, 0% used [0x00000000d5d80000,0x00000000d5d80000,0x00000000d5e00000)
 ParOldGen       total 1085440K, used 1084933K [0x0000000080000000, 0x00000000c2400000, 0x00000000d5580000)
  object space 1085440K, 99% used [0x0000000080000000,0x00000000c2381720,0x00000000c2400000)
 Metaspace       used 79414K, committed 81088K, reserved 1179648K
  class space    used 8112K, committed 8832K, reserved 1048576K
}
Event: 202.862 GC heap before
{Heap before GC invocations=2542 (full 4):
 PSYoungGen      total 6144K, used 5792K [0x00000000d5580000, 0x00000000d5e00000, 0x0000000100000000)
  eden space 5632K, 100% used [0x00000000d5580000,0x00000000d5b00000,0x00000000d5b00000)
  from space 512K, 31% used [0x00000000d5d00000,0x00000000d5d28000,0x00000000d5d80000)
  to   space 512K, 0% used [0x00000000d5d80000,0x00000000d5d80000,0x00000000d5e00000)
 ParOldGen       total 1085440K, used 1084933K [0x0000000080000000, 0x00000000c2400000, 0x00000000d5580000)
  object space 1085440K, 99% used [0x0000000080000000,0x00000000c2381720,0x00000000c2400000)
 Metaspace       used 79414K, committed 81088K, reserved 1179648K
  class space    used 8112K, committed 8832K, reserved 1048576K
}
Event: 202.867 GC heap after
{Heap after GC invocations=2542 (full 4):
 PSYoungGen      total 6144K, used 352K [0x00000000d5580000, 0x00000000d5e00000, 0x0000000100000000)
  eden space 5632K, 0% used [0x00000000d5580000,0x00000000d5580000,0x00000000d5b00000)
  from space 512K, 68% used [0x00000000d5d80000,0x00000000d5dd8000,0x00000000d5e00000)
  to   space 512K, 0% used [0x00000000d5d00000,0x00000000d5d00000,0x00000000d5d80000)
 ParOldGen       total 1085440K, used 1084957K [0x0000000080000000, 0x00000000c2400000, 0x00000000d5580000)
  object space 1085440K, 99% used [0x0000000080000000,0x00000000c2387720,0x00000000c2400000)
 Metaspace       used 79414K, committed 81088K, reserved 1179648K
  class space    used 8112K, committed 8832K, reserved 1048576K
}
Event: 202.889 GC heap before
{Heap before GC invocations=2543 (full 4):
 PSYoungGen      total 6144K, used 5984K [0x00000000d5580000, 0x00000000d5e00000, 0x0000000100000000)
  eden space 5632K, 100% used [0x00000000d5580000,0x00000000d5b00000,0x00000000d5b00000)
  from space 512K, 68% used [0x00000000d5d80000,0x00000000d5dd8000,0x00000000d5e00000)
  to   space 512K, 0% used [0x00000000d5d00000,0x00000000d5d00000,0x00000000d5d80000)
 ParOldGen       total 1085440K, used 1084957K [0x0000000080000000, 0x00000000c2400000, 0x00000000d5580000)
  object space 1085440K, 99% used [0x0000000080000000,0x00000000c2387720,0x00000000c2400000)
 Metaspace       used 79415K, committed 81088K, reserved 1179648K
  class space    used 8112K, committed 8832K, reserved 1048576K
}
Event: 202.894 GC heap after
{Heap after GC invocations=2543 (full 4):
 PSYoungGen      total 6144K, used 512K [0x00000000d5580000, 0x00000000d5e00000, 0x0000000100000000)
  eden space 5632K, 0% used [0x00000000d5580000,0x00000000d5580000,0x00000000d5b00000)
  from space 512K, 100% used [0x00000000d5d00000,0x00000000d5d80000,0x00000000d5d80000)
  to   space 512K, 0% used [0x00000000d5d80000,0x00000000d5d80000,0x00000000d5e00000)
 ParOldGen       total 1085440K, used 1085253K [0x0000000080000000, 0x00000000c2400000, 0x00000000d5580000)
  object space 1085440K, 99% used [0x0000000080000000,0x00000000c23d1720,0x00000000c2400000)
 Metaspace       used 79415K, committed 81088K, reserved 1179648K
  class space    used 8112K, committed 8832K, reserved 1048576K
}
Event: 2825.122 GC heap before
{Heap before GC invocations=2544 (full 4):
 PSYoungGen      total 6144K, used 6143K [0x00000000d5580000, 0x00000000d5e00000, 0x0000000100000000)
  eden space 5632K, 99% used [0x00000000d5580000,0x00000000d5afffe0,0x00000000d5b00000)
  from space 512K, 100% used [0x00000000d5d00000,0x00000000d5d80000,0x00000000d5d80000)
  to   space 512K, 0% used [0x00000000d5d80000,0x00000000d5d80000,0x00000000d5e00000)
 ParOldGen       total 1085440K, used 1085253K [0x0000000080000000, 0x00000000c2400000, 0x00000000d5580000)
  object space 1085440K, 99% used [0x0000000080000000,0x00000000c23d1720,0x00000000c2400000)
 Metaspace       used 79495K, committed 81152K, reserved 1179648K
  class space    used 8119K, committed 8832K, reserved 1048576K
}
Event: 2825.501 GC heap after
{Heap after GC invocations=2544 (full 4):
 PSYoungGen      total 6144K, used 448K [0x00000000d5580000, 0x00000000d5e00000, 0x0000000100000000)
  eden space 5632K, 0% used [0x00000000d5580000,0x00000000d5580000,0x00000000d5b00000)
  from space 512K, 87% used [0x00000000d5d80000,0x00000000d5df0000,0x00000000d5e00000)
  to   space 1024K, 0% used [0x00000000d5c00000,0x00000000d5c00000,0x00000000d5d00000)
 ParOldGen       total 1085952K, used 1085765K [0x0000000080000000, 0x00000000c2480000, 0x00000000d5580000)
  object space 1085952K, 99% used [0x0000000080000000,0x00000000c2451720,0x00000000c2480000)
 Metaspace       used 79495K, committed 81152K, reserved 1179648K
  class space    used 8119K, committed 8832K, reserved 1048576K
}

